level=INFO ts=2019-07-26T01:16:03.439872817Z app=device-simple source=init.go:137 msg="Check Metadata service's status ..."
level=INFO ts=2019-07-26T01:16:03.440374656Z app=device-simple source=init.go:137 msg="Check Data service's status ..."
level=INFO ts=2019-07-26T01:16:03.473889691Z app=device-simple source=init.go:47 msg="Service clients initialize successful."
level=INFO ts=2019-07-26T01:16:03.494023837Z app=device-simple source=service.go:142 msg="Device Service  doesn't exist, creating a new one"
level=INFO ts=2019-07-26T01:16:03.513567929Z app=device-simple source=service.go:198 msg="Addressable device-simple doesn't exist, creating a new one"
level=INFO ts=2019-07-26T01:16:03.915168975Z app=device-simple source=service.go:120 msg="*Service Start() called, name=device-simple, version=to be replaced by makefile"
level=INFO ts=2019-07-26T01:16:03.928989059Z app=device-simple source=service.go:126 msg="Listening on port: 49992"
level=ERROR ts=2019-07-26T01:16:03.946042494Z app=device-simple source=device.go:50 msg="Couldn't add device b352452c-5d55-40e6-823e-0b6412caf359: device SmallInt-Device01 has already existed in cache"
level=INFO ts=2019-07-26T01:16:03.948347626Z app=device-simple source=service.go:127 msg="Service started in: 509.159502ms"
level=INFO ts=2019-07-26T01:16:38.462613086Z app=device-simple source=utils.go:77 Content-Type=application/json correlation-id=73fb5d75-8b62-4852-8c04-71582f1e7fec msg="SendEvent: Pushed event to core data"
level=INFO ts=2019-07-26T01:17:09.058513656Z app=device-simple source=utils.go:77 Content-Type=application/json correlation-id=b8d77917-2ce4-4626-a9f8-2b6e30a90575 msg="SendEvent: Pushed event to core data"
level=INFO ts=2019-07-26T01:17:16.439585665Z app=device-simple source=utils.go:77 Content-Type=application/json correlation-id=765cbfe4-d578-4323-a009-40abafce6694 msg="SendEvent: Pushed event to core data"
level=INFO ts=2019-07-26T01:17:20.098652563Z app=device-simple source=utils.go:77 Content-Type=application/json correlation-id=0772b388-dfee-40b3-9ecc-c42d93172e26 msg="SendEvent: Pushed event to core data"
level=INFO ts=2019-07-26T01:42:37.419861993Z app=device-simple source=init.go:137 msg="Check Metadata service's status ..."
level=INFO ts=2019-07-26T01:42:37.419866565Z app=device-simple source=init.go:137 msg="Check Data service's status ..."
level=INFO ts=2019-07-26T01:42:37.444070394Z app=device-simple source=init.go:47 msg="Service clients initialize successful."
level=INFO ts=2019-07-26T01:42:37.455008544Z app=device-simple source=service.go:149 msg="Device Service device-simple exists"
level=INFO ts=2019-07-26T01:42:37.475805785Z app=device-simple source=service.go:120 msg="*Service Start() called, name=device-simple, version=to be replaced by makefile"
level=INFO ts=2019-07-26T01:42:37.484419073Z app=device-simple source=service.go:126 msg="Listening on port: 49992"
level=INFO ts=2019-07-26T01:42:37.493656037Z app=device-simple source=service.go:127 msg="Service started in: 75.215833ms"
level=INFO ts=2019-07-26T01:42:41.56956941Z app=device-simple source=utils.go:77 Content-Type=application/json correlation-id=ae6f06c4-aaf1-470e-97da-8c727e424926 msg="SendEvent: Pushed event to core data"
level=ERROR ts=2019-07-26T01:43:25.265833877Z app=device-simple source=restfuncs.go:179 msg="no request body provided; PUT /api/v1/device/name/SmallInt-Device01/Int8?SmallInt=-1"
level=ERROR ts=2019-07-26T01:43:37.474934664Z app=device-simple source=restfuncs.go:179 msg="no request body provided; PUT /api/v1/device/name/SmallInt-Device01/Int8"
level=INFO ts=2019-07-26T01:44:16.780013608Z app=device-simple source=utils.go:77 Content-Type=application/json correlation-id=dcd95531-c26f-471e-98fe-cde5af574116 msg="SendEvent: Pushed event to core data"
level=INFO ts=2019-07-26T01:44:25.851920549Z app=device-simple source=utils.go:77 Content-Type=application/json correlation-id=cfce9c75-ca3f-4c9d-a05e-ff989b75f341 msg="SendEvent: Pushed event to core data"
